#
# There is insufficient memory for the Java Runtime Environment to continue.
# Native memory allocation (malloc) failed to allocate 1048576 bytes for AllocateHeap
# Possible reasons:
#   The system is out of physical RAM or swap space
#   The process is running with CompressedOops enabled, and the Java Heap may be blocking the growth of the native heap
# Possible solutions:
#   Reduce memory load on the system
#   Increase physical memory or swap space
#   Check if swap backing store is full
#   Decrease Java heap size (-Xmx/-Xms)
#   Decrease number of Java threads
#   Decrease Java thread stack sizes (-Xss)
#   Set larger code cache with -XX:ReservedCodeCacheSize=
#   JVM is running with Unscaled Compressed Oops mode in which the Java heap is
#     placed in the first 4GB address space. The Java Heap base address is the
#     maximum limit for the native heap growth. Please use -XX:HeapBaseMinAddress
#     to set the Java Heap base and to place the Java Heap above 4GB virtual address.
# This output file may be truncated or incomplete.
#
#  Out of Memory Error (allocation.cpp:44), pid=19096, tid=3940
#
# JRE version:  (21.0.1+12) (build )
# Java VM: Java HotSpot(TM) 64-Bit Server VM (21.0.1+12-LTS-29, mixed mode, sharing, tiered, compressed oops, compressed class ptrs, g1 gc, windows-amd64)
# No core dump will be written. Minidumps are not enabled by default on client versions of Windows
#

---------------  S U M M A R Y ------------

Command Line: 

Host: AMD Ryzen 5 7520U with Radeon Graphics         , 8 cores, 5G,  Windows 11 , 64 bit Build 22621 (10.0.22621.4391)
Time: Sun Nov  3 19:44:45 2024 Pakistan Standard Time elapsed time: 0.029453 seconds (0d 0h 0m 0s)

---------------  T H R E A D  ---------------

Current thread (0x0000023dfc753800):  JavaThread "Unknown thread" [_thread_in_vm, id=3940, stack(0x0000008c80100000,0x0000008c80200000) (1024K)]

Stack: [0x0000008c80100000,0x0000008c80200000]
Native frames: (J=compiled Java code, j=interpreted, Vv=VM code, C=native code)
V  [jvm.dll+0x6c9029]
V  [jvm.dll+0x854b81]
V  [jvm.dll+0x856e5e]
V  [jvm.dll+0x857543]
V  [jvm.dll+0x280c06]
V  [jvm.dll+0xbea87]
V  [jvm.dll+0x326fd5]
V  [jvm.dll+0x81d13d]
V  [jvm.dll+0x3bb4f1]
V  [jvm.dll+0x805ae8]
V  [jvm.dll+0x44effe]
V  [jvm.dll+0x450901]
C  [jli.dll+0x52a3]
C  [ucrtbase.dll+0x29333]
C  [KERNEL32.DLL+0x1259d]
C  [ntdll.dll+0x5af38]


---------------  P R O C E S S  ---------------

Threads class SMR info:
_java_thread_list=0x00007ffb12fe9b88, length=0, elements={
}

Java Threads: ( => current thread )
Total: 0

Other Threads:

=>0x0000023dfc753800 (exited) JavaThread "Unknown thread"    [_thread_in_vm, id=3940, stack(0x0000008c80100000,0x0000008c80200000) (1024K)]
Total: 1

Threads with active compile tasks:
Total: 0

VM state: not at safepoint (not fully initialized)

VM Mutex/Monitor currently owned by a thread: None

Heap address: 0x0000000000000000, size: 0 MB, Compressed Oops mode: 32-bit

CDS archive(s) mapped at: [0x0000000000000000-0x0000000000000000-0x0000000000000000), size 0, SharedBaseAddress: 0x0000000800000000, ArchiveRelocationMode: 1.
Narrow klass base: 0x0000000000000000, Narrow klass shift: 0, Narrow klass range: 0x0

GC Precious Log:
 CardTable entry size: 512
 Card Set container configuration: InlinePtr #cards 5 size 8 Array Of Cards #cards 12 size 40 Howl #buckets 4 coarsen threshold 1843 Howl Bitmap #cards 512 size 80 coarsen threshold 460 Card regions per heap region 1 cards per card region 2048

GC Heap History (0 events):
No events

Dll operation events (1 events):
Event: 0.022 Loaded shared library C:\Program Files\Java\jdk-21\bin\java.dll

Deoptimization events (0 events):
No events

Classes loaded (0 events):
No events

Classes unloaded (0 events):
No events

Classes redefined (0 events):
No events

Internal exceptions (0 events):
No events

ZGC Phase Switch (0 events):
No events

VM Operations (0 events):
No events

Events (0 events):
No events


Dynamic libraries:
0x00007ff65f740000 - 0x00007ff65f750000 	C:\Program Files\Java\jdk-21\bin\java.exe
0x00007ffbd7ed0000 - 0x00007ffbd80e7000 	C:\Windows\SYSTEM32\ntdll.dll
0x00007ffbd5bf0000 - 0x00007ffbd5cb4000 	C:\Windows\System32\KERNEL32.DLL
0x00007ffbd5340000 - 0x00007ffbd56f9000 	C:\Windows\System32\KERNELBASE.dll
0x00007ffbd5890000 - 0x00007ffbd59a1000 	C:\Windows\System32\ucrtbase.dll
0x00007ffbbe1d0000 - 0x00007ffbbe1eb000 	C:\Program Files\Java\jdk-21\bin\VCRUNTIME140.dll
0x00007ffbb2730000 - 0x00007ffbb2749000 	C:\Program Files\Java\jdk-21\bin\jli.dll
0x00007ffbd73e0000 - 0x00007ffbd7492000 	C:\Windows\System32\ADVAPI32.dll
0x00007ffbd6000000 - 0x00007ffbd60a7000 	C:\Windows\System32\msvcrt.dll
0x00007ffbd6200000 - 0x00007ffbd62a7000 	C:\Windows\System32\sechost.dll
0x00007ffbd5bc0000 - 0x00007ffbd5be8000 	C:\Windows\System32\bcrypt.dll
0x00007ffbd72b0000 - 0x00007ffbd73c4000 	C:\Windows\System32\RPCRT4.dll
0x00007ffbd7c60000 - 0x00007ffbd7e0e000 	C:\Windows\System32\USER32.dll
0x00007ffbd5af0000 - 0x00007ffbd5b16000 	C:\Windows\System32\win32u.dll
0x00007ffbbf490000 - 0x00007ffbbf722000 	C:\Windows\WinSxS\amd64_microsoft.windows.common-controls_6595b64144ccf1df_6.0.22621.4391_none_2715d37f73803e96\COMCTL32.dll
0x00007ffbd74a0000 - 0x00007ffbd74c9000 	C:\Windows\System32\GDI32.dll
0x00007ffbd5770000 - 0x00007ffbd588b000 	C:\Windows\System32\gdi32full.dll
0x00007ffbd5b20000 - 0x00007ffbd5bba000 	C:\Windows\System32\msvcp_win.dll
0x00007ffbcbfe0000 - 0x00007ffbcbfea000 	C:\Windows\SYSTEM32\VERSION.dll
0x00007ffbd74d0000 - 0x00007ffbd7501000 	C:\Windows\System32\IMM32.DLL
0x00007ffbbe1c0000 - 0x00007ffbbe1cc000 	C:\Program Files\Java\jdk-21\bin\vcruntime140_1.dll
0x00007ffb5e580000 - 0x00007ffb5e60e000 	C:\Program Files\Java\jdk-21\bin\msvcp140.dll
0x00007ffb12420000 - 0x00007ffb13135000 	C:\Program Files\Java\jdk-21\bin\server\jvm.dll
0x00007ffbd7e10000 - 0x00007ffbd7e81000 	C:\Windows\System32\WS2_32.dll
0x00007ffbd4b00000 - 0x00007ffbd4b4d000 	C:\Windows\SYSTEM32\POWRPROF.dll
0x00007ffbd0c10000 - 0x00007ffbd0c44000 	C:\Windows\SYSTEM32\WINMM.dll
0x00007ffbd4ae0000 - 0x00007ffbd4af3000 	C:\Windows\SYSTEM32\UMPDC.dll
0x00007ffbd41d0000 - 0x00007ffbd41e8000 	C:\Windows\SYSTEM32\kernel.appcore.dll
0x00007ffbb6200000 - 0x00007ffbb620a000 	C:\Program Files\Java\jdk-21\bin\jimage.dll
0x00007ffbcf520000 - 0x00007ffbcf752000 	C:\Windows\SYSTEM32\DBGHELP.DLL
0x00007ffbd6e60000 - 0x00007ffbd71ef000 	C:\Windows\System32\combase.dll
0x00007ffbd5e90000 - 0x00007ffbd5f67000 	C:\Windows\System32\OLEAUT32.dll
0x00007ffbbb120000 - 0x00007ffbbb152000 	C:\Windows\SYSTEM32\dbgcore.DLL
0x00007ffbd59b0000 - 0x00007ffbd5a2b000 	C:\Windows\System32\bcryptPrimitives.dll
0x00007ffb9e770000 - 0x00007ffb9e78f000 	C:\Program Files\Java\jdk-21\bin\java.dll

dbghelp: loaded successfully - version: 4.0.5 - missing functions: none
symbol engine: initialized successfully - sym options: 0x614 - pdb path: .;C:\Program Files\Java\jdk-21\bin;C:\Windows\SYSTEM32;C:\Windows\WinSxS\amd64_microsoft.windows.common-controls_6595b64144ccf1df_6.0.22621.4391_none_2715d37f73803e96;C:\Program Files\Java\jdk-21\bin\server

VM Arguments:
java_command: <unknown>
java_class_path (initial): <not set>
Launcher Type: SUN_STANDARD

[Global flags]
     intx CICompilerCount                          = 4                                         {product} {ergonomic}
     uint ConcGCThreads                            = 2                                         {product} {ergonomic}
     uint G1ConcRefinementThreads                  = 8                                         {product} {ergonomic}
   size_t G1HeapRegionSize                         = 1048576                                   {product} {ergonomic}
    uintx GCDrainStackTargetSize                   = 64                                        {product} {ergonomic}
   size_t InitialHeapSize                          = 98566144                                  {product} {ergonomic}
   size_t MarkStackSize                            = 4194304                                   {product} {ergonomic}
   size_t MaxHeapSize                              = 1564475392                                {product} {ergonomic}
   size_t MinHeapDeltaBytes                        = 1048576                                   {product} {ergonomic}
   size_t MinHeapSize                              = 8388608                                   {product} {ergonomic}
    uintx NonNMethodCodeHeapSize                   = 5839372                                {pd product} {ergonomic}
    uintx NonProfiledCodeHeapSize                  = 122909434                              {pd product} {ergonomic}
    uintx ProfiledCodeHeapSize                     = 122909434                              {pd product} {ergonomic}
    uintx ReservedCodeCacheSize                    = 251658240                              {pd product} {ergonomic}
     bool SegmentedCodeCache                       = true                                      {product} {ergonomic}
   size_t SoftMaxHeapSize                          = 1564475392                             {manageable} {ergonomic}
     bool UseCompressedOops                        = true                           {product lp64_product} {ergonomic}
     bool UseG1GC                                  = true                                      {product} {ergonomic}
     bool UseLargePagesIndividualAllocation        = false                                  {pd product} {ergonomic}

Logging:
Log output configuration:
 #0: stdout all=warning uptime,level,tags foldmultilines=false
 #1: stderr all=off uptime,level,tags foldmultilines=false

Environment Variables:
PATH=C:\Program Files\Common Files\Oracle\Java\javapath;C:\Program Files (x86)\Common Files\Intel\Shared Libraries\redist\intel64\compiler;C:\Program Files\Common Files\Oracle\Java\javapath;C:\Windows\system32;C:\Windows;C:\Windows\System32\Wbem;C:\Windows\System32\WindowsPowerShell\v1.0\;C:\Windows\System32\OpenSSH\;C:\MinGW\bin;C:\Users\Aleeraza\Downloads\SFML-2.6.1-windows-gcc-13.1.0-mingw-64-bit.zip\SFML-2.6.1\bin;C:\sqlite3;C:\Program Files\Git\cmd;C:\Users\Aleeraza\AppData\Local\Microsoft\WindowsApps;C:\Users\Aleeraza\AppData\Local\Programs\Microsoft VS Code\bin;C:\Users\Aleeraza\AppData\Local\GitHubDesktop\bin;C:\Program Files\JetBrains\IntelliJ IDEA Community Edition 2023.3.2\bin;;C:\flutter\src\flutter\bin;;C:\flutter\src\flutter\bin\mingit\cmd;C:\flutter\src\flutter\bin\mingit\cmd
USERNAME=Aleeraza
OS=Windows_NT
PROCESSOR_IDENTIFIER=AMD64 Family 23 Model 160 Stepping 0, AuthenticAMD
TMP=C:\Users\Aleeraza\AppData\Local\Temp
TEMP=C:\Users\Aleeraza\AppData\Local\Temp




Periodic native trim disabled

---------------  S Y S T E M  ---------------

OS:
 Windows 11 , 64 bit Build 22621 (10.0.22621.4391)
OS uptime: 0 days 1:29 hours
Hyper-V role detected

CPU: total 8 (initial active 8) (8 cores per cpu, 2 threads per core) family 23 model 160 stepping 0 microcode 0x0, cx8, cmov, fxsr, ht, mmx, 3dnowpref, sse, sse2, sse3, ssse3, sse4a, sse4.1, sse4.2, popcnt, lzcnt, tsc, tscinvbit, avx, avx2, aes, clmul, bmi1, bmi2, adx, sha, fma, vzeroupper, clflush, clflushopt, hv, rdtscp, rdpid, f16c
Processor Information for all 8 processors :
  Max Mhz: 2801, Current Mhz: 2801, Mhz Limit: 2801

Memory: 4k page, system-wide physical 5965M (304M free)
TotalPageFile size 24397M (AvailPageFile size 3M)
current process WorkingSet (physical memory assigned to process): 10M, peak: 10M
current process commit charge ("private bytes"): 13M, peak: 14M

vm_info: Java HotSpot(TM) 64-Bit Server VM (21.0.1+12-LTS-29) for windows-amd64 JRE (21.0.1+12-LTS-29), built on 2023-10-05T13:27:09Z by "mach5one" with MS VC++ 17.1 (VS2022)

END.
