#
# There is insufficient memory for the Java Runtime Environment to continue.
# Native memory allocation (mmap) failed to map 65536 bytes. Error detail: Failed to commit metaspace.
# Possible reasons:
#   The system is out of physical RAM or swap space
#   This process is running with CompressedOops enabled, and the Java Heap may be blocking the growth of the native heap
# Possible solutions:
#   Reduce memory load on the system
#   Increase physical memory or swap space
#   Check if swap backing store is full
#   Decrease Java heap size (-Xmx/-Xms)
#   Decrease number of Java threads
#   Decrease Java thread stack sizes (-Xss)
#   Set larger code cache with -XX:ReservedCodeCacheSize=
#   JVM is running with Unscaled Compressed Oops mode in which the Java heap is
#     placed in the first 4GB address space. The Java Heap base address is the
#     maximum limit for the native heap growth. Please use -XX:HeapBaseMinAddress
#     to set the Java Heap base and to place the Java Heap above 4GB virtual address.
# This output file may be truncated or incomplete.
#
#  Out of Memory Error (virtualSpaceNode.cpp:112), pid=3564, tid=18448
#
# JRE version: OpenJDK Runtime Environment (21.0.3) (build 21.0.3+-12282718-b509.11)
# Java VM: OpenJDK 64-Bit Server VM (21.0.3+-12282718-b509.11, mixed mode, tiered, compressed oops, compressed class ptrs, g1 gc, windows-amd64)
# No core dump will be written. Minidumps are not enabled by default on client versions of Windows
#

---------------  S U M M A R Y ------------

Command Line: -Dorg.gradle.appname=gradlew org.gradle.wrapper.GradleWrapperMain -q -Ptarget-platform=android-x86 -Ptarget=C:\Projects\new_project\lib\main.dart -Pbase-application-name=android.app.Application -Pdart-obfuscation=false -Ptrack-widget-creation=true -Ptree-shake-icons=false -Pfilesystem-scheme=org-dartlang-root assembleDebug

Host: AMD Ryzen 5 7520U with Radeon Graphics         , 8 cores, 5G,  Windows 11 , 64 bit Build 22621 (10.0.22621.4391)
Time: Sun Nov 17 03:27:55 2024 Pakistan Standard Time elapsed time: 1.483960 seconds (0d 0h 0m 1s)

---------------  T H R E A D  ---------------

Current thread (0x000001b8e85b1890):  JavaThread "main"             [_thread_in_vm, id=18448, stack(0x00000033d7c00000,0x00000033d7d00000) (1024K)]

Stack: [0x00000033d7c00000,0x00000033d7d00000]
Native frames: (J=compiled Java code, j=interpreted, Vv=VM code, C=native code)
V  [jvm.dll+0x6cafb9]
V  [jvm.dll+0x858523]
V  [jvm.dll+0x85aa7e]
V  [jvm.dll+0x85b163]
V  [jvm.dll+0x27d356]
V  [jvm.dll+0x8533fe]
V  [jvm.dll+0x66f385]
V  [jvm.dll+0x66f3ea]
V  [jvm.dll+0x671c46]
V  [jvm.dll+0x671b12]
V  [jvm.dll+0x66fd7e]
V  [jvm.dll+0x269b30]
V  [jvm.dll+0x21508b]
V  [jvm.dll+0x20a579]
V  [jvm.dll+0x5ad9c3]
V  [jvm.dll+0x21be6b]
V  [jvm.dll+0x7cff51]
V  [jvm.dll+0x7d1012]
V  [jvm.dll+0x7d15bf]
V  [jvm.dll+0x7d1268]
V  [jvm.dll+0x26c18b]
V  [jvm.dll+0x26c3a5]
V  [jvm.dll+0x5d0897]
V  [jvm.dll+0x5d396e]
V  [jvm.dll+0x3d49e0]
V  [jvm.dll+0x3d405d]
C  0x000001b8f2c296d5

The last pc belongs to invokestatic (printed below).
Java frames: (J=compiled Java code, j=interpreted, Vv=VM code)
j  java.util.Calendar.createCalendar(Ljava/util/TimeZone;Ljava/util/Locale;)Ljava/util/Calendar;+3 java.base@21.0.3
j  java.util.Calendar.getInstance()Ljava/util/Calendar;+12 java.base@21.0.3
j  org.gradle.launcher.daemon.registry.DaemonStopEvent.occurredInLastHours(I)Z+0
j  org.gradle.launcher.daemon.registry.DaemonStopEvents$2.isSatisfiedBy(Lorg/gradle/launcher/daemon/registry/DaemonStopEvent;)Z+2
j  org.gradle.launcher.daemon.registry.DaemonStopEvents$2.isSatisfiedBy(Ljava/lang/Object;)Z+5
j  org.gradle.util.internal.CollectionUtils.filter(Ljava/lang/Iterable;Ljava/util/Collection;Lorg/gradle/api/specs/Spec;)Ljava/util/Collection;+27
j  org.gradle.util.internal.CollectionUtils.filter(Ljava/util/List;Lorg/gradle/api/specs/Spec;)Ljava/util/List;+11
j  org.gradle.launcher.daemon.registry.DaemonStopEvents.oldStopEvents(Ljava/util/List;)Ljava/util/List;+8
j  org.gradle.launcher.daemon.client.DefaultDaemonConnector.handleStopEvents(Ljava/util/Collection;Ljava/util/Collection;)V+15
j  org.gradle.launcher.daemon.client.DefaultDaemonConnector.connect(Lorg/gradle/api/internal/specs/ExplainingSpec;)Lorg/gradle/launcher/daemon/client/DaemonClientConnection;+71
j  org.gradle.launcher.daemon.client.DaemonClient.execute(Lorg/gradle/internal/invocation/BuildAction;Lorg/gradle/launcher/exec/BuildActionParameters;Lorg/gradle/initialization/BuildRequestContext;)Lorg/gradle/launcher/exec/BuildActionResult;+62
j  org.gradle.launcher.daemon.client.DaemonClient.execute(Lorg/gradle/internal/invocation/BuildAction;Ljava/lang/Object;Ljava/lang/Object;)Lorg/gradle/launcher/exec/BuildActionResult;+10
j  org.gradle.launcher.cli.RunBuildAction.run()V+74
j  org.gradle.internal.Actions$RunnableActionAdapter.execute(Ljava/lang/Object;)V+4
j  org.gradle.launcher.cli.DefaultCommandLineActionFactory$ParseAndBuildAction.execute(Lorg/gradle/launcher/bootstrap/ExecutionListener;)V+60
j  org.gradle.launcher.cli.DefaultCommandLineActionFactory$ParseAndBuildAction.execute(Ljava/lang/Object;)V+5
j  org.gradle.launcher.cli.DebugLoggerWarningAction.execute(Lorg/gradle/launcher/bootstrap/ExecutionListener;)V+9
j  org.gradle.launcher.cli.DebugLoggerWarningAction.execute(Ljava/lang/Object;)V+5
j  org.gradle.launcher.cli.WelcomeMessageAction.execute(Lorg/gradle/launcher/bootstrap/ExecutionListener;)V+218
j  org.gradle.launcher.cli.WelcomeMessageAction.execute(Ljava/lang/Object;)V+5
j  org.gradle.launcher.cli.NativeServicesInitializingAction.execute(Lorg/gradle/launcher/bootstrap/ExecutionListener;)V+35
j  org.gradle.launcher.cli.NativeServicesInitializingAction.execute(Ljava/lang/Object;)V+5
j  org.gradle.launcher.cli.ExceptionReportingAction.execute(Lorg/gradle/launcher/bootstrap/ExecutionListener;)V+5
j  org.gradle.launcher.cli.ExceptionReportingAction.execute(Ljava/lang/Object;)V+5
j  org.gradle.launcher.cli.DefaultCommandLineActionFactory$WithLogging.execute(Lorg/gradle/launcher/bootstrap/ExecutionListener;)V+299
j  org.gradle.launcher.Main.doAction([Ljava/lang/String;Lorg/gradle/launcher/bootstrap/ExecutionListener;)V+14
j  org.gradle.launcher.bootstrap.EntryPoint.run([Ljava/lang/String;)V+12
j  java.lang.invoke.DirectMethodHandle$Holder.invokeVirtual(Ljava/lang/Object;Ljava/lang/Object;Ljava/lang/Object;)V+11 java.base@21.0.3
j  java.lang.invoke.LambdaForm$MH+0x00000001000d6800.invoke(Ljava/lang/Object;Ljava/lang/Object;Ljava/lang/Object;)Ljava/lang/Object;+52 java.base@21.0.3
j  java.lang.invoke.Invokers$Holder.invokeExact_MT(Ljava/lang/Object;Ljava/lang/Object;Ljava/lang/Object;Ljava/lang/Object;)Ljava/lang/Object;+20 java.base@21.0.3
j  jdk.internal.reflect.DirectMethodHandleAccessor.invokeImpl(Ljava/lang/Object;[Ljava/lang/Object;)Ljava/lang/Object;+55 java.base@21.0.3
j  jdk.internal.reflect.DirectMethodHandleAccessor.invoke(Ljava/lang/Object;[Ljava/lang/Object;)Ljava/lang/Object;+23 java.base@21.0.3
j  java.lang.reflect.Method.invoke(Ljava/lang/Object;[Ljava/lang/Object;)Ljava/lang/Object;+102 java.base@21.0.3
j  org.gradle.launcher.bootstrap.ProcessBootstrap.runNoExit(Ljava/lang/String;[Ljava/lang/String;)V+155
j  org.gradle.launcher.bootstrap.ProcessBootstrap.run(Ljava/lang/String;[Ljava/lang/String;)V+2
j  java.lang.invoke.LambdaForm$DMH+0x00000001000c8400.invokeStatic(Ljava/lang/Object;Ljava/lang/Object;Ljava/lang/Object;)V+11 java.base@21.0.3
j  java.lang.invoke.LambdaForm$MH+0x00000001000cac00.invoke(Ljava/lang/Object;Ljava/lang/Object;Ljava/lang/Object;Ljava/lang/Object;)Ljava/lang/Object;+54 java.base@21.0.3
j  java.lang.invoke.LambdaForm$MH+0x00000001000cb000.invokeExact_MT(Ljava/lang/Object;Ljava/lang/Object;Ljava/lang/Object;Ljava/lang/Object;Ljava/lang/Object;)Ljava/lang/Object;+22 java.base@21.0.3
j  jdk.internal.reflect.DirectMethodHandleAccessor.invokeImpl(Ljava/lang/Object;[Ljava/lang/Object;)Ljava/lang/Object;+72 java.base@21.0.3
j  jdk.internal.reflect.DirectMethodHandleAccessor.invoke(Ljava/lang/Object;[Ljava/lang/Object;)Ljava/lang/Object;+23 java.base@21.0.3
j  java.lang.reflect.Method.invoke(Ljava/lang/Object;[Ljava/lang/Object;)Ljava/lang/Object;+102 java.base@21.0.3
j  org.gradle.launcher.GradleMain.main([Ljava/lang/String;)V+100
j  java.lang.invoke.LambdaForm$DMH+0x00000001000c2400.invokeStatic(Ljava/lang/Object;Ljava/lang/Object;)V+10 java.base@21.0.3
j  java.lang.invoke.LambdaForm$MH+0x00000001000c8000.invoke(Ljava/lang/Object;Ljava/lang/Object;Ljava/lang/Object;)Ljava/lang/Object;+33 java.base@21.0.3
j  java.lang.invoke.Invokers$Holder.invokeExact_MT(Ljava/lang/Object;Ljava/lang/Object;Ljava/lang/Object;Ljava/lang/Object;)Ljava/lang/Object;+20 java.base@21.0.3
j  jdk.internal.reflect.DirectMethodHandleAccessor.invokeImpl(Ljava/lang/Object;[Ljava/lang/Object;)Ljava/lang/Object;+55 java.base@21.0.3
j  jdk.internal.reflect.DirectMethodHandleAccessor.invoke(Ljava/lang/Object;[Ljava/lang/Object;)Ljava/lang/Object;+23 java.base@21.0.3
j  java.lang.reflect.Method.invoke(Ljava/lang/Object;[Ljava/lang/Object;)Ljava/lang/Object;+102 java.base@21.0.3
j  org.gradle.wrapper.BootstrapMainStarter.start([Ljava/lang/String;Ljava/io/File;)V+82
j  org.gradle.wrapper.WrapperExecutor.execute([Ljava/lang/String;Lorg/gradle/wrapper/Install;Lorg/gradle/wrapper/BootstrapMainStarter;)V+14
j  org.gradle.wrapper.GradleWrapperMain.main([Ljava/lang/String;)V+190
v  ~StubRoutines::call_stub 0x000001b8f2c1100d
invokestatic  184 invokestatic  [0x000001b8f2c29620, 0x000001b8f2c298d0]  688 bytes
[MachCode]
  0x000001b8f2c29620: 4883 ec08 | c5fa 1104 | 24eb 1f48 | 83ec 10c5 | fb11 0424 | eb14 4883 | ec10 4889 | 0424 48c7 
  0x000001b8f2c29640: 4424 0800 | 0000 00eb | 0150 4c89 | 6dc0 410f | b755 0148 | 8b4d d0c1 | e202 8b5c | d138 c1eb 
  0x000001b8f2c29660: 1081 e3ff | 0000 0081 | fbb8 0000 | 000f 84b4 | 0000 00bb | b800 0000 | e805 0000 | 00e9 9900 
  0x000001b8f2c29680: 0000 488b | d348 8d44 | 2408 4c89 | 6dc0 498b | cfc5 f877 | 4989 afa8 | 0300 0049 | 8987 9803 
  0x000001b8f2c296a0: 0000 4883 | ec20 40f6 | c40f 0f84 | 1900 0000 | 4883 ec08 | 48b8 f03f | 12b4 fc7f | 0000 ffd0 
  0x000001b8f2c296c0: 4883 c408 | e90c 0000 | 0048 b8f0 | 3f12 b4fc | 7f00 00ff | d048 83c4 | 2049 c787 | 9803 0000 
  0x000001b8f2c296e0: 0000 0000 | 49c7 87a8 | 0300 0000 | 0000 0049 | c787 a003 | 0000 0000 | 0000 c5f8 | 7749 837f 
  0x000001b8f2c29700: 0800 0f84 | 0500 0000 | e9f3 77fe | ff4c 8b6d | c04c 8b75 | c84e 8d74 | f500 c341 | 0fb7 5501 
  0x000001b8f2c29720: 488b 4dd0 | c1e2 0248 | 8b5c d140 | 488b 5b08 | 488b 5b08 | 488b 5b18 | 80bb 4001 | 0000 050f 
  0x000001b8f2c29740: 840d 0000 | 004c 3bbb | 5001 0000 | 0f85 21ff | ffff 488b | 5cd1 408b | 54d1 50c1 | ea1c 49ba 
  0x000001b8f2c29760: 001a 90b4 | fc7f 0000 | 498b 14d2 | 5248 8b45 | d848 85c0 | 0f84 1200 | 0000 4883 | 4008 0148 
  0x000001b8f2c29780: 8358 0800 | 4883 c010 | 4889 45d8 | 488b 45d8 | 4885 c00f | 842b 0100 | 0080 78f0 | 0a0f 8521 
  0x000001b8f2c297a0: 0100 0048 | 83c0 084c | 8b68 f841 | 83ed 0041 | 83fd 020f | 8c00 0100 | 004c 8b6b | 0845 0fb7 
  0x000001b8f2c297c0: 6d2e 4c2b | 2841 83ed | 014e 8b6c | ec08 4d85 | ed75 0ef6 | 4008 0175 | 4ff0 4883 | 4808 01eb 
  0x000001b8f2c297e0: 4745 8b6d | 0849 c1e5 | 034d 8bd5 | 4c33 6808 | 49f7 c5fc | ffff ff74 | 2f41 f6c5 | 0275 2948 
  0x000001b8f2c29800: 8378 0800 | 741e 4883 | 7808 0174 | 174d 8bea | 4c33 6808 | 49f7 c5fc | ffff ff74 | 0b48 8348 
  0x000001b8f2c29820: 0802 eb04 | 4c89 6808 | 4883 c010 | 4c8b 68e8 | 4183 ed02 | 4183 fd02 | 0f8c 7b00 | 0000 4c8b 
  0x000001b8f2c29840: 6b08 450f | b76d 2e4c | 2b28 4183 | ed01 4e8b | 6cec 084d | 85ed 750e | f640 0801 | 754f f048 
  0x000001b8f2c29860: 8348 0801 | eb47 458b | 6d08 49c1 | e503 4d8b | d54c 3368 | 0849 f7c5 | fcff ffff | 742f 41f6 
  0x000001b8f2c29880: c502 7529 | 4883 7808 | 0074 1e48 | 8378 0801 | 7417 4d8b | ea4c 3368 | 0849 f7c5 | fcff ffff 
  0x000001b8f2c298a0: 740b 4883 | 4808 02eb | 044c 8968 | 0848 83c0 | 104c 8b68 | d841 83ed | 0441 c1e5 | 0349 03c5 
  0x000001b8f2c298c0: 4889 45d8 | 4c8d 6c24 | 084c 896d | f0ff 6368 
[/MachCode]

---------------  P R O C E S S  ---------------

Threads class SMR info:
_java_thread_list=0x000001b884185670, length=12, elements={
0x000001b8e85b1890, 0x000001b8ff3451b0, 0x000001b8ff3464e0, 0x000001b8ff349f40,
0x000001b8ff34a9a0, 0x000001b8ff353d40, 0x000001b8ff3547a0, 0x000001b8ff361550,
0x000001b8ff36a130, 0x000001b8ff4fe9b0, 0x000001b8ff504080, 0x000001b8840718d0
}

Java Threads: ( => current thread )
=>0x000001b8e85b1890 JavaThread "main"                              [_thread_in_vm, id=18448, stack(0x00000033d7c00000,0x00000033d7d00000) (1024K)]
  0x000001b8ff3451b0 JavaThread "Reference Handler"          daemon [_thread_blocked, id=7580, stack(0x00000033d8400000,0x00000033d8500000) (1024K)]
  0x000001b8ff3464e0 JavaThread "Finalizer"                  daemon [_thread_blocked, id=17144, stack(0x00000033d8500000,0x00000033d8600000) (1024K)]
  0x000001b8ff349f40 JavaThread "Signal Dispatcher"          daemon [_thread_blocked, id=17996, stack(0x00000033d8600000,0x00000033d8700000) (1024K)]
  0x000001b8ff34a9a0 JavaThread "Attach Listener"            daemon [_thread_blocked, id=7676, stack(0x00000033d8700000,0x00000033d8800000) (1024K)]
  0x000001b8ff353d40 JavaThread "Service Thread"             daemon [_thread_blocked, id=7404, stack(0x00000033d8800000,0x00000033d8900000) (1024K)]
  0x000001b8ff3547a0 JavaThread "Monitor Deflation Thread"   daemon [_thread_blocked, id=3364, stack(0x00000033d8900000,0x00000033d8a00000) (1024K)]
  0x000001b8ff361550 JavaThread "C2 CompilerThread0"         daemon [_thread_blocked, id=5360, stack(0x00000033d8a00000,0x00000033d8b00000) (1024K)]
  0x000001b8ff36a130 JavaThread "C1 CompilerThread0"         daemon [_thread_blocked, id=1064, stack(0x00000033d8b00000,0x00000033d8c00000) (1024K)]
  0x000001b8ff4fe9b0 JavaThread "Notification Thread"        daemon [_thread_blocked, id=3928, stack(0x00000033d8c00000,0x00000033d8d00000) (1024K)]
  0x000001b8ff504080 JavaThread "Common-Cleaner"             daemon [_thread_blocked, id=1792, stack(0x00000033d8d00000,0x00000033d8e00000) (1024K)]
  0x000001b8840718d0 JavaThread "pool-1-thread-1"                   [_thread_blocked, id=5180, stack(0x00000033d9300000,0x00000033d9400000) (1024K)]
Total: 12

Other Threads:
  0x000001b8ff19e620 VMThread "VM Thread"                           [id=16620, stack(0x00000033d8300000,0x00000033d8400000) (1024K)]
  0x000001b8ff132730 WatcherThread "VM Periodic Task Thread"        [id=11484, stack(0x00000033d8200000,0x00000033d8300000) (1024K)]
  0x000001b8e85f38e0 WorkerThread "GC Thread#0"                     [id=3128, stack(0x00000033d7d00000,0x00000033d7e00000) (1024K)]
  0x000001b8ff9fb480 WorkerThread "GC Thread#1"                     [id=19132, stack(0x00000033d8e00000,0x00000033d8f00000) (1024K)]
  0x000001b8fffde790 WorkerThread "GC Thread#2"                     [id=19268, stack(0x00000033d8f00000,0x00000033d9000000) (1024K)]
  0x000001b8fffdeb30 WorkerThread "GC Thread#3"                     [id=17416, stack(0x00000033d9000000,0x00000033d9100000) (1024K)]
  0x000001b8841d1420 WorkerThread "GC Thread#4"                     [id=3180, stack(0x00000033d9100000,0x00000033d9200000) (1024K)]
  0x000001b8841d17c0 WorkerThread "GC Thread#5"                     [id=8260, stack(0x00000033d9200000,0x00000033d9300000) (1024K)]
  0x000001b8e8600cc0 ConcurrentGCThread "G1 Main Marker"            [id=18516, stack(0x00000033d7e00000,0x00000033d7f00000) (1024K)]
  0x000001b8e86017c0 WorkerThread "G1 Conc#0"                       [id=7476, stack(0x00000033d7f00000,0x00000033d8000000) (1024K)]
  0x000001b8ff006560 ConcurrentGCThread "G1 Refine#0"               [id=19308, stack(0x00000033d8000000,0x00000033d8100000) (1024K)]
  0x000001b8ff006ee0 ConcurrentGCThread "G1 Service"                [id=19292, stack(0x00000033d8100000,0x00000033d8200000) (1024K)]
Total: 12

Threads with active compile tasks:
Total: 0

VM state: not at safepoint (normal execution)

VM Mutex/Monitor currently owned by a thread:  ([mutex/lock_event])
[0x00007ffcb48efec8] Metaspace_lock - owner thread: 0x000001b8e85b1890

Heap address: 0x00000000a2c00000, size: 1492 MB, Compressed Oops mode: 32-bit

CDS archive(s) not mapped
Compressed class space mapped at: 0x0000000100000000-0x0000000140000000, reserved size: 1073741824
Narrow klass base: 0x0000000000000000, Narrow klass shift: 3, Narrow klass range: 0x140000000

GC Precious Log:
 CardTable entry size: 512
 Card Set container configuration: InlinePtr #cards 5 size 8 Array Of Cards #cards 12 size 40 Howl #buckets 4 coarsen threshold 1843 Howl Bitmap #cards 512 size 80 coarsen threshold 460 Card regions per heap region 1 cards per card region 2048
 CPUs: 8 total, 8 available
 Memory: 5965M
 Large Page Support: Disabled
 NUMA Support: Disabled
 Compressed Oops: Enabled (32-bit)
 Heap Region Size: 1M
 Heap Min Capacity: 8M
 Heap Initial Capacity: 94M
 Heap Max Capacity: 1492M
 Pre-touch: Disabled
 Parallel Workers: 8
 Concurrent Workers: 2
 Concurrent Refinement Workers: 8
 Periodic GC: Disabled

Heap:
 garbage-first heap   total 96256K, used 21632K [0x00000000a2c00000, 0x0000000100000000)
  region size 1024K, 16 young (16384K), 3 survivors (3072K)
 Metaspace       used 16297K, committed 16576K, reserved 1114112K
  class space    used 1881K, committed 2048K, reserved 1048576K

Heap Regions: E=young(eden), S=young(survivor), O=old, HS=humongous(starts), HC=humongous(continues), CS=collection set, F=free, TAMS=top-at-mark-start, PB=parsable bottom
|   0|0x00000000a2c00000, 0x00000000a2d00000, 0x00000000a2d00000|100%|HS|  |TAMS 0x00000000a2c00000| PB 0x00000000a2c00000| Complete 
|   1|0x00000000a2d00000, 0x00000000a2e00000, 0x00000000a2e00000|100%|HC|  |TAMS 0x00000000a2d00000| PB 0x00000000a2d00000| Complete 
|   2|0x00000000a2e00000, 0x00000000a2f00000, 0x00000000a2f00000|100%|HC|  |TAMS 0x00000000a2e00000| PB 0x00000000a2e00000| Complete 
|   3|0x00000000a2f00000, 0x00000000a3000000, 0x00000000a3000000|100%|HC|  |TAMS 0x00000000a2f00000| PB 0x00000000a2f00000| Complete 
|   4|0x00000000a3000000, 0x00000000a3100000, 0x00000000a3100000|100%| O|  |TAMS 0x00000000a3000000| PB 0x00000000a3000000| Untracked 
|   5|0x00000000a3100000, 0x00000000a3200000, 0x00000000a3200000|100%| O|  |TAMS 0x00000000a3100000| PB 0x00000000a3100000| Untracked 
|   6|0x00000000a3200000, 0x00000000a3300000, 0x00000000a3300000|100%| O|  |TAMS 0x00000000a3200000| PB 0x00000000a3200000| Untracked 
|   7|0x00000000a3300000, 0x00000000a3320000, 0x00000000a3400000| 12%| O|  |TAMS 0x00000000a3300000| PB 0x00000000a3300000| Untracked 
|   8|0x00000000a3400000, 0x00000000a3400000, 0x00000000a3500000|  0%| F|  |TAMS 0x00000000a3400000| PB 0x00000000a3400000| Untracked 
|   9|0x00000000a3500000, 0x00000000a3500000, 0x00000000a3600000|  0%| F|  |TAMS 0x00000000a3500000| PB 0x00000000a3500000| Untracked 
|  10|0x00000000a3600000, 0x00000000a3600000, 0x00000000a3700000|  0%| F|  |TAMS 0x00000000a3600000| PB 0x00000000a3600000| Untracked 
|  11|0x00000000a3700000, 0x00000000a3700000, 0x00000000a3800000|  0%| F|  |TAMS 0x00000000a3700000| PB 0x00000000a3700000| Untracked 
|  12|0x00000000a3800000, 0x00000000a3800000, 0x00000000a3900000|  0%| F|  |TAMS 0x00000000a3800000| PB 0x00000000a3800000| Untracked 
|  13|0x00000000a3900000, 0x00000000a3900000, 0x00000000a3a00000|  0%| F|  |TAMS 0x00000000a3900000| PB 0x00000000a3900000| Untracked 
|  14|0x00000000a3a00000, 0x00000000a3a00000, 0x00000000a3b00000|  0%| F|  |TAMS 0x00000000a3a00000| PB 0x00000000a3a00000| Untracked 
|  15|0x00000000a3b00000, 0x00000000a3b00000, 0x00000000a3c00000|  0%| F|  |TAMS 0x00000000a3b00000| PB 0x00000000a3b00000| Untracked 
|  16|0x00000000a3c00000, 0x00000000a3c00000, 0x00000000a3d00000|  0%| F|  |TAMS 0x00000000a3c00000| PB 0x00000000a3c00000| Untracked 
|  17|0x00000000a3d00000, 0x00000000a3d00000, 0x00000000a3e00000|  0%| F|  |TAMS 0x00000000a3d00000| PB 0x00000000a3d00000| Untracked 
|  18|0x00000000a3e00000, 0x00000000a3e00000, 0x00000000a3f00000|  0%| F|  |TAMS 0x00000000a3e00000| PB 0x00000000a3e00000| Untracked 
|  19|0x00000000a3f00000, 0x00000000a3f00000, 0x00000000a4000000|  0%| F|  |TAMS 0x00000000a3f00000| PB 0x00000000a3f00000| Untracked 
|  20|0x00000000a4000000, 0x00000000a4000000, 0x00000000a4100000|  0%| F|  |TAMS 0x00000000a4000000| PB 0x00000000a4000000| Untracked 
|  21|0x00000000a4100000, 0x00000000a4100000, 0x00000000a4200000|  0%| F|  |TAMS 0x00000000a4100000| PB 0x00000000a4100000| Untracked 
|  22|0x00000000a4200000, 0x00000000a4200000, 0x00000000a4300000|  0%| F|  |TAMS 0x00000000a4200000| PB 0x00000000a4200000| Untracked 
|  23|0x00000000a4300000, 0x00000000a4300000, 0x00000000a4400000|  0%| F|  |TAMS 0x00000000a4300000| PB 0x00000000a4300000| Untracked 
|  24|0x00000000a4400000, 0x00000000a4400000, 0x00000000a4500000|  0%| F|  |TAMS 0x00000000a4400000| PB 0x00000000a4400000| Untracked 
|  25|0x00000000a4500000, 0x00000000a4500000, 0x00000000a4600000|  0%| F|  |TAMS 0x00000000a4500000| PB 0x00000000a4500000| Untracked 
|  26|0x00000000a4600000, 0x00000000a4600000, 0x00000000a4700000|  0%| F|  |TAMS 0x00000000a4600000| PB 0x00000000a4600000| Untracked 
|  27|0x00000000a4700000, 0x00000000a4700000, 0x00000000a4800000|  0%| F|  |TAMS 0x00000000a4700000| PB 0x00000000a4700000| Untracked 
|  28|0x00000000a4800000, 0x00000000a4800000, 0x00000000a4900000|  0%| F|  |TAMS 0x00000000a4800000| PB 0x00000000a4800000| Untracked 
|  29|0x00000000a4900000, 0x00000000a4900000, 0x00000000a4a00000|  0%| F|  |TAMS 0x00000000a4900000| PB 0x00000000a4900000| Untracked 
|  30|0x00000000a4a00000, 0x00000000a4a00000, 0x00000000a4b00000|  0%| F|  |TAMS 0x00000000a4a00000| PB 0x00000000a4a00000| Untracked 
|  31|0x00000000a4b00000, 0x00000000a4b00000, 0x00000000a4c00000|  0%| F|  |TAMS 0x00000000a4b00000| PB 0x00000000a4b00000| Untracked 
|  32|0x00000000a4c00000, 0x00000000a4c00000, 0x00000000a4d00000|  0%| F|  |TAMS 0x00000000a4c00000| PB 0x00000000a4c00000| Untracked 
|  33|0x00000000a4d00000, 0x00000000a4d00000, 0x00000000a4e00000|  0%| F|  |TAMS 0x00000000a4d00000| PB 0x00000000a4d00000| Untracked 
|  34|0x00000000a4e00000, 0x00000000a4e00000, 0x00000000a4f00000|  0%| F|  |TAMS 0x00000000a4e00000| PB 0x00000000a4e00000| Untracked 
|  35|0x00000000a4f00000, 0x00000000a4f00000, 0x00000000a5000000|  0%| F|  |TAMS 0x00000000a4f00000| PB 0x00000000a4f00000| Untracked 
|  36|0x00000000a5000000, 0x00000000a5000000, 0x00000000a5100000|  0%| F|  |TAMS 0x00000000a5000000| PB 0x00000000a5000000| Untracked 
|  37|0x00000000a5100000, 0x00000000a5100000, 0x00000000a5200000|  0%| F|  |TAMS 0x00000000a5100000| PB 0x00000000a5100000| Untracked 
|  38|0x00000000a5200000, 0x00000000a5200000, 0x00000000a5300000|  0%| F|  |TAMS 0x00000000a5200000| PB 0x00000000a5200000| Untracked 
|  39|0x00000000a5300000, 0x00000000a5300000, 0x00000000a5400000|  0%| F|  |TAMS 0x00000000a5300000| PB 0x00000000a5300000| Untracked 
|  40|0x00000000a5400000, 0x00000000a5400000, 0x00000000a5500000|  0%| F|  |TAMS 0x00000000a5400000| PB 0x00000000a5400000| Untracked 
|  41|0x00000000a5500000, 0x00000000a5500000, 0x00000000a5600000|  0%| F|  |TAMS 0x00000000a5500000| PB 0x00000000a5500000| Untracked 
|  42|0x00000000a5600000, 0x00000000a5600000, 0x00000000a5700000|  0%| F|  |TAMS 0x00000000a5600000| PB 0x00000000a5600000| Untracked 
|  43|0x00000000a5700000, 0x00000000a5700000, 0x00000000a5800000|  0%| F|  |TAMS 0x00000000a5700000| PB 0x00000000a5700000| Untracked 
|  44|0x00000000a5800000, 0x00000000a5800000, 0x00000000a5900000|  0%| F|  |TAMS 0x00000000a5800000| PB 0x00000000a5800000| Untracked 
|  45|0x00000000a5900000, 0x00000000a5900000, 0x00000000a5a00000|  0%| F|  |TAMS 0x00000000a5900000| PB 0x00000000a5900000| Untracked 
|  46|0x00000000a5a00000, 0x00000000a5a00000, 0x00000000a5b00000|  0%| F|  |TAMS 0x00000000a5a00000| PB 0x00000000a5a00000| Untracked 
|  47|0x00000000a5b00000, 0x00000000a5b00000, 0x00000000a5c00000|  0%| F|  |TAMS 0x00000000a5b00000| PB 0x00000000a5b00000| Untracked 
|  48|0x00000000a5c00000, 0x00000000a5c00000, 0x00000000a5d00000|  0%| F|  |TAMS 0x00000000a5c00000| PB 0x00000000a5c00000| Untracked 
|  49|0x00000000a5d00000, 0x00000000a5d00000, 0x00000000a5e00000|  0%| F|  |TAMS 0x00000000a5d00000| PB 0x00000000a5d00000| Untracked 
|  50|0x00000000a5e00000, 0x00000000a5e00000, 0x00000000a5f00000|  0%| F|  |TAMS 0x00000000a5e00000| PB 0x00000000a5e00000| Untracked 
|  51|0x00000000a5f00000, 0x00000000a5f00000, 0x00000000a6000000|  0%| F|  |TAMS 0x00000000a5f00000| PB 0x00000000a5f00000| Untracked 
|  52|0x00000000a6000000, 0x00000000a6000000, 0x00000000a6100000|  0%| F|  |TAMS 0x00000000a6000000| PB 0x00000000a6000000| Untracked 
|  53|0x00000000a6100000, 0x00000000a6100000, 0x00000000a6200000|  0%| F|  |TAMS 0x00000000a6100000| PB 0x00000000a6100000| Untracked 
|  54|0x00000000a6200000, 0x00000000a6200000, 0x00000000a6300000|  0%| F|  |TAMS 0x00000000a6200000| PB 0x00000000a6200000| Untracked 
|  55|0x00000000a6300000, 0x00000000a6300000, 0x00000000a6400000|  0%| F|  |TAMS 0x00000000a6300000| PB 0x00000000a6300000| Untracked 
|  56|0x00000000a6400000, 0x00000000a6400000, 0x00000000a6500000|  0%| F|  |TAMS 0x00000000a6400000| PB 0x00000000a6400000| Untracked 
|  57|0x00000000a6500000, 0x00000000a6500000, 0x00000000a6600000|  0%| F|  |TAMS 0x00000000a6500000| PB 0x00000000a6500000| Untracked 
|  58|0x00000000a6600000, 0x00000000a6600000, 0x00000000a6700000|  0%| F|  |TAMS 0x00000000a6600000| PB 0x00000000a6600000| Untracked 
|  59|0x00000000a6700000, 0x00000000a6700000, 0x00000000a6800000|  0%| F|  |TAMS 0x00000000a6700000| PB 0x00000000a6700000| Untracked 
|  60|0x00000000a6800000, 0x00000000a6800000, 0x00000000a6900000|  0%| F|  |TAMS 0x00000000a6800000| PB 0x00000000a6800000| Untracked 
|  61|0x00000000a6900000, 0x00000000a6900000, 0x00000000a6a00000|  0%| F|  |TAMS 0x00000000a6900000| PB 0x00000000a6900000| Untracked 
|  62|0x00000000a6a00000, 0x00000000a6a00000, 0x00000000a6b00000|  0%| F|  |TAMS 0x00000000a6a00000| PB 0x00000000a6a00000| Untracked 
|  63|0x00000000a6b00000, 0x00000000a6b00000, 0x00000000a6c00000|  0%| F|  |TAMS 0x00000000a6b00000| PB 0x00000000a6b00000| Untracked 
|  64|0x00000000a6c00000, 0x00000000a6c00000, 0x00000000a6d00000|  0%| F|  |TAMS 0x00000000a6c00000| PB 0x00000000a6c00000| Untracked 
|  65|0x00000000a6d00000, 0x00000000a6d00000, 0x00000000a6e00000|  0%| F|  |TAMS 0x00000000a6d00000| PB 0x00000000a6d00000| Untracked 
|  66|0x00000000a6e00000, 0x00000000a6e00000, 0x00000000a6f00000|  0%| F|  |TAMS 0x00000000a6e00000| PB 0x00000000a6e00000| Untracked 
|  67|0x00000000a6f00000, 0x00000000a6f00000, 0x00000000a7000000|  0%| F|  |TAMS 0x00000000a6f00000| PB 0x00000000a6f00000| Untracked 
|  68|0x00000000a7000000, 0x00000000a7100000, 0x00000000a7100000|100%| S|CS|TAMS 0x00000000a7000000| PB 0x00000000a7000000| Complete 
|  69|0x00000000a7100000, 0x00000000a7200000, 0x00000000a7200000|100%| S|CS|TAMS 0x00000000a7100000| PB 0x00000000a7100000| Complete 
|  70|0x00000000a7200000, 0x00000000a7300000, 0x00000000a7300000|100%| S|CS|TAMS 0x00000000a7200000| PB 0x00000000a7200000| Complete 
|  71|0x00000000a7300000, 0x00000000a7300000, 0x00000000a7400000|  0%| F|  |TAMS 0x00000000a7300000| PB 0x00000000a7300000| Untracked 
|  72|0x00000000a7400000, 0x00000000a7400000, 0x00000000a7500000|  0%| F|  |TAMS 0x00000000a7400000| PB 0x00000000a7400000| Untracked 
|  73|0x00000000a7500000, 0x00000000a7500000, 0x00000000a7600000|  0%| F|  |TAMS 0x00000000a7500000| PB 0x00000000a7500000| Untracked 
|  74|0x00000000a7600000, 0x00000000a7600000, 0x00000000a7700000|  0%| F|  |TAMS 0x00000000a7600000| PB 0x00000000a7600000| Untracked 
|  75|0x00000000a7700000, 0x00000000a7700000, 0x00000000a7800000|  0%| F|  |TAMS 0x00000000a7700000| PB 0x00000000a7700000| Untracked 
|  76|0x00000000a7800000, 0x00000000a7800000, 0x00000000a7900000|  0%| F|  |TAMS 0x00000000a7800000| PB 0x00000000a7800000| Untracked 
|  77|0x00000000a7900000, 0x00000000a7900000, 0x00000000a7a00000|  0%| F|  |TAMS 0x00000000a7900000| PB 0x00000000a7900000| Untracked 
|  78|0x00000000a7a00000, 0x00000000a7a00000, 0x00000000a7b00000|  0%| F|  |TAMS 0x00000000a7a00000| PB 0x00000000a7a00000| Untracked 
|  79|0x00000000a7b00000, 0x00000000a7b00000, 0x00000000a7c00000|  0%| F|  |TAMS 0x00000000a7b00000| PB 0x00000000a7b00000| Untracked 
|  80|0x00000000a7c00000, 0x00000000a7c00000, 0x00000000a7d00000|  0%| F|  |TAMS 0x00000000a7c00000| PB 0x00000000a7c00000| Untracked 
|  81|0x00000000a7d00000, 0x00000000a7dce928, 0x00000000a7e00000| 80%| E|  |TAMS 0x00000000a7d00000| PB 0x00000000a7d00000| Complete 
|  82|0x00000000a7e00000, 0x00000000a7f00000, 0x00000000a7f00000|100%| E|CS|TAMS 0x00000000a7e00000| PB 0x00000000a7e00000| Complete 
|  83|0x00000000a7f00000, 0x00000000a8000000, 0x00000000a8000000|100%| E|CS|TAMS 0x00000000a7f00000| PB 0x00000000a7f00000| Complete 
|  84|0x00000000a8000000, 0x00000000a8100000, 0x00000000a8100000|100%| E|CS|TAMS 0x00000000a8000000| PB 0x00000000a8000000| Complete 
|  85|0x00000000a8100000, 0x00000000a8200000, 0x00000000a8200000|100%| E|CS|TAMS 0x00000000a8100000| PB 0x00000000a8100000| Complete 
|  86|0x00000000a8200000, 0x00000000a8300000, 0x00000000a8300000|100%| E|CS|TAMS 0x00000000a8200000| PB 0x00000000a8200000| Complete 
|  87|0x00000000a8300000, 0x00000000a8400000, 0x00000000a8400000|100%| E|CS|TAMS 0x00000000a8300000| PB 0x00000000a8300000| Complete 
|  88|0x00000000a8400000, 0x00000000a8500000, 0x00000000a8500000|100%| E|CS|TAMS 0x00000000a8400000| PB 0x00000000a8400000| Complete 
|  89|0x00000000a8500000, 0x00000000a8600000, 0x00000000a8600000|100%| E|CS|TAMS 0x00000000a8500000| PB 0x00000000a8500000| Complete 
|  90|0x00000000a8600000, 0x00000000a8700000, 0x00000000a8700000|100%| E|CS|TAMS 0x00000000a8600000| PB 0x00000000a8600000| Complete 
|  91|0x00000000a8700000, 0x00000000a8800000, 0x00000000a8800000|100%| E|CS|TAMS 0x00000000a8700000| PB 0x00000000a8700000| Complete 
|  92|0x00000000a8800000, 0x00000000a8900000, 0x00000000a8900000|100%| E|  |TAMS 0x00000000a8800000| PB 0x00000000a8800000| Complete 
|  93|0x00000000a8900000, 0x00000000a8a00000, 0x00000000a8a00000|100%| E|CS|TAMS 0x00000000a8900000| PB 0x00000000a8900000| Complete 

Card table byte_map: [0x000001b8fad00000,0x000001b8faff0000] _byte_map_base: 0x000001b8fa7ea000

Marking Bits: (CMBitMap*) 0x000001b8e85f3fe0
 Bits: [0x000001b8faff0000, 0x000001b8fc740000)

Polling page: 0x000001b8e6580000

Metaspace:

Usage:
  Non-class:     14.08 MB used.
      Class:      1.84 MB used.
       Both:     15.92 MB used.

Virtual space:
  Non-class space:       64.00 MB reserved,      14.19 MB ( 22%) committed,  1 nodes.
      Class space:        1.00 GB reserved,       2.00 MB ( <1%) committed,  1 nodes.
             Both:        1.06 GB reserved,      16.19 MB (  1%) committed. 

Chunk freelists:
   Non-Class:  990.00 KB
       Class:  14.04 MB
        Both:  15.00 MB

MaxMetaspaceSize: unlimited
CompressedClassSpaceSize: 1.00 GB
Initial GC threshold: 21.00 MB
Current GC threshold: 21.00 MB
CDS: off
 - commit_granule_bytes: 65536.
 - commit_granule_words: 8192.
 - virtual_space_node_default_size: 8388608.
 - enlarge_chunks_in_place: 1.
 - use_allocation_guard: 0.


Internal statistics:

num_allocs_failed_limit: 0.
num_arena_births: 206.
num_arena_deaths: 0.
num_vsnodes_births: 2.
num_vsnodes_deaths: 0.
num_space_committed: 259.
num_space_uncommitted: 0.
num_chunks_returned_to_freelist: 0.
num_chunks_taken_from_freelist: 454.
num_chunk_merges: 0.
num_chunk_splits: 293.
num_chunks_enlarged: 214.
num_inconsistent_stats: 0.

CodeHeap 'non-profiled nmethods': size=120000Kb used=467Kb max_used=467Kb free=119532Kb
 bounds [0x000001b8f31b0000, 0x000001b8f3420000, 0x000001b8fa6e0000]
CodeHeap 'profiled nmethods': size=120000Kb used=2446Kb max_used=2446Kb free=117554Kb
 bounds [0x000001b8eb6e0000, 0x000001b8eb950000, 0x000001b8f2c10000]
CodeHeap 'non-nmethods': size=5760Kb used=1358Kb max_used=1372Kb free=4401Kb
 bounds [0x000001b8f2c10000, 0x000001b8f2e80000, 0x000001b8f31b0000]
 total_blobs=1777 nmethods=1295 adapters=387
 compilation: enabled
              stopped_count=0, restarted_count=0
 full_count=0

Compilation events (20 events):
Event: 1.465 Thread 0x000001b8ff36a130 1285       3       jdk.internal.misc.Unsafe::getShortUnaligned (33 bytes)
Event: 1.465 Thread 0x000001b8ff36a130 nmethod 1285 0x000001b8eb93f310 code [0x000001b8eb93f4e0, 0x000001b8eb93f890]
Event: 1.465 Thread 0x000001b8ff36a130 1287       3       org.gradle.internal.serialize.InputStreamBackedDecoder::readString (8 bytes)
Event: 1.466 Thread 0x000001b8ff36a130 nmethod 1287 0x000001b8eb93fa10 code [0x000001b8eb93fbc0, 0x000001b8eb93fd58]
Event: 1.466 Thread 0x000001b8ff36a130 1288       3       java.io.DataInputStream::readUTF (5 bytes)
Event: 1.466 Thread 0x000001b8ff36a130 nmethod 1288 0x000001b8eb93fe90 code [0x000001b8eb940040, 0x000001b8eb940178]
Event: 1.466 Thread 0x000001b8ff36a130 1289       3       java.io.DataInputStream::readUnsignedShort (19 bytes)
Event: 1.466 Thread 0x000001b8ff36a130 nmethod 1289 0x000001b8eb940210 code [0x000001b8eb940420, 0x000001b8eb940ae0]
Event: 1.466 Thread 0x000001b8ff36a130 1290       3       jdk.internal.util.ByteArray::getUnsignedShort (12 bytes)
Event: 1.467 Thread 0x000001b8ff36a130 nmethod 1290 0x000001b8eb940d90 code [0x000001b8eb940fa0, 0x000001b8eb941588]
Event: 1.474 Thread 0x000001b8ff36a130 1291       3       java.lang.invoke.VarHandleByteArrayAsShorts$ArrayHandle::get (36 bytes)
Event: 1.474 Thread 0x000001b8ff36a130 nmethod 1291 0x000001b8eb941810 code [0x000001b8eb9419e0, 0x000001b8eb941d98]
Event: 1.474 Thread 0x000001b8ff36a130 1292       3       java.io.DataInputStream::readShort (19 bytes)
Event: 1.475 Thread 0x000001b8ff36a130 nmethod 1292 0x000001b8eb941f90 code [0x000001b8eb9421a0, 0x000001b8eb9427c0]
Event: 1.475 Thread 0x000001b8ff36a130 1293       3       jdk.internal.util.ByteArray::getShort (9 bytes)
Event: 1.475 Thread 0x000001b8ff36a130 nmethod 1293 0x000001b8eb942a90 code [0x000001b8eb942c80, 0x000001b8eb9431c0]
Event: 1.475 Thread 0x000001b8ff36a130 1294       3       java.io.DataInputStream::readFully (9 bytes)
Event: 1.476 Thread 0x000001b8ff36a130 nmethod 1294 0x000001b8eb943410 code [0x000001b8eb9435c0, 0x000001b8eb943708]
Event: 1.476 Thread 0x000001b8ff361550 1295       4       java.util.concurrent.locks.ReentrantLock$Sync::tryRelease (51 bytes)
Event: 1.478 Thread 0x000001b8ff361550 nmethod 1295 0x000001b8f3224a10 code [0x000001b8f3224ba0, 0x000001b8f3224cc8]

GC Heap History (2 events):
Event: 0.888 GC heap before
{Heap before GC invocations=0 (full 0):
 garbage-first heap   total 96256K, used 27648K [0x00000000a2c00000, 0x0000000100000000)
  region size 1024K, 23 young (23552K), 0 survivors (0K)
 Metaspace       used 11560K, committed 11776K, reserved 1114112K
  class space    used 1224K, committed 1344K, reserved 1048576K
}
Event: 0.896 GC heap after
{Heap after GC invocations=1 (full 0):
 garbage-first heap   total 96256K, used 10368K [0x00000000a2c00000, 0x0000000100000000)
  region size 1024K, 3 young (3072K), 3 survivors (3072K)
 Metaspace       used 11560K, committed 11776K, reserved 1114112K
  class space    used 1224K, committed 1344K, reserved 1048576K
}

Dll operation events (3 events):
Event: 0.011 Loaded shared library C:\Program Files\Android\Android Studio1\jbr\bin\java.dll
Event: 0.017 Loaded shared library C:\Program Files\Android\Android Studio1\jbr\bin\zip.dll
Event: 0.135 Loaded shared library C:\Program Files\Android\Android Studio1\jbr\bin\verify.dll

Deoptimization events (20 events):
Event: 1.284 Thread 0x000001b8e85b1890 DEOPT PACKING pc=0x000001b8eb792af7 sp=0x00000033d7cfbde0
Event: 1.284 Thread 0x000001b8e85b1890 DEOPT UNPACKING pc=0x000001b8f2c64e42 sp=0x00000033d7cfb230 mode 0
Event: 1.319 Thread 0x000001b8e85b1890 Uncommon trap: trap_request=0xffffffc6 fr.pc=0x000001b8f320cc64 relative=0x0000000000000304
Event: 1.319 Thread 0x000001b8e85b1890 Uncommon trap: reason=bimorphic_or_optimized_type_check action=maybe_recompile pc=0x000001b8f320cc64 method=java.util.concurrent.ConcurrentHashMap.get(Ljava/lang/Object;)Ljava/lang/Object; @ 149 c2
Event: 1.319 Thread 0x000001b8e85b1890 DEOPT PACKING pc=0x000001b8f320cc64 sp=0x00000033d7cfcab0
Event: 1.319 Thread 0x000001b8e85b1890 DEOPT UNPACKING pc=0x000001b8f2c646a2 sp=0x00000033d7cfca20 mode 2
Event: 1.404 Thread 0x000001b8e85b1890 Uncommon trap: trap_request=0xffffff45 fr.pc=0x000001b8f3221678 relative=0x0000000000000198
Event: 1.404 Thread 0x000001b8e85b1890 Uncommon trap: reason=unstable_if action=reinterpret pc=0x000001b8f3221678 method=java.lang.invoke.VarHandle.checkAccessModeThenIsDirect(Ljava/lang/invoke/VarHandle$AccessDescriptor;)Z @ 4 c2
Event: 1.404 Thread 0x000001b8e85b1890 DEOPT PACKING pc=0x000001b8f3221678 sp=0x00000033d7cfd8f0
Event: 1.404 Thread 0x000001b8e85b1890 DEOPT UNPACKING pc=0x000001b8f2c646a2 sp=0x00000033d7cfd828 mode 2
Event: 1.414 Thread 0x000001b8e85b1890 Uncommon trap: trap_request=0xffffff45 fr.pc=0x000001b8f31e8d00 relative=0x00000000000006a0
Event: 1.414 Thread 0x000001b8e85b1890 Uncommon trap: reason=unstable_if action=reinterpret pc=0x000001b8f31e8d00 method=java.lang.AbstractStringBuilder.append(Ljava/lang/String;)Ljava/lang/AbstractStringBuilder; @ 1 c2
Event: 1.414 Thread 0x000001b8e85b1890 DEOPT PACKING pc=0x000001b8f31e8d00 sp=0x00000033d7cfd930
Event: 1.414 Thread 0x000001b8e85b1890 DEOPT UNPACKING pc=0x000001b8f2c646a2 sp=0x00000033d7cfd8c0 mode 2
Event: 1.414 Thread 0x000001b8e85b1890 Uncommon trap: trap_request=0xffffff45 fr.pc=0x000001b8f31fbc04 relative=0x00000000000006a4
Event: 1.414 Thread 0x000001b8e85b1890 Uncommon trap: reason=unstable_if action=reinterpret pc=0x000001b8f31fbc04 method=java.lang.AbstractStringBuilder.append(Ljava/lang/String;)Ljava/lang/AbstractStringBuilder; @ 1 c2
Event: 1.414 Thread 0x000001b8e85b1890 DEOPT PACKING pc=0x000001b8f31fbc04 sp=0x00000033d7cfd8e0
Event: 1.414 Thread 0x000001b8e85b1890 DEOPT UNPACKING pc=0x000001b8f2c646a2 sp=0x00000033d7cfd8c8 mode 2
Event: 1.418 Thread 0x000001b8e85b1890 DEOPT PACKING pc=0x000001b8eb7f375a sp=0x00000033d7cfd920
Event: 1.418 Thread 0x000001b8e85b1890 DEOPT UNPACKING pc=0x000001b8f2c64e42 sp=0x00000033d7cfcde0 mode 0

Classes loaded (20 events):
Event: 1.447 Loading class java/io/FileOutputStream$1 done
Event: 1.466 Loading class java/util/Calendar
Event: 1.467 Loading class java/util/Calendar done
Event: 1.468 Loading class java/util/TimeZone
Event: 1.468 Loading class java/util/TimeZone done
Event: 1.471 Loading class sun/util/calendar/ZoneInfo
Event: 1.471 Loading class sun/util/calendar/ZoneInfo done
Event: 1.471 Loading class sun/util/calendar/ZoneInfoFile
Event: 1.471 Loading class sun/util/calendar/ZoneInfoFile done
Event: 1.472 Loading class sun/util/calendar/ZoneInfoFile$1
Event: 1.472 Loading class sun/util/calendar/ZoneInfoFile$1 done
Event: 1.476 Loading class sun/util/calendar/ZoneInfoFile$ZoneOffsetTransitionRule
Event: 1.477 Loading class sun/util/calendar/ZoneInfoFile$ZoneOffsetTransitionRule done
Event: 1.477 Loading class sun/util/calendar/ZoneInfoFile$Checksum
Event: 1.477 Loading class sun/util/calendar/ZoneInfoFile$Checksum done
Event: 1.478 Loading class sun/util/spi/CalendarProvider
Event: 1.479 Loading class java/util/spi/LocaleServiceProvider
Event: 1.479 Loading class java/util/spi/LocaleServiceProvider done
Event: 1.479 Loading class sun/util/spi/CalendarProvider done
Event: 1.479 Loading class sun/util/locale/provider/LocaleProviderAdapter

Classes unloaded (0 events):
No events

Classes redefined (0 events):
No events

Internal exceptions (20 events):
Event: 0.276 Thread 0x000001b8e85b1890 Exception <a 'java/lang/NoSuchMethodError'{0x00000000a868eef0}: 'void java.lang.invoke.DirectMethodHandle$Holder.invokeStatic(java.lang.Object, java.lang.Object, java.lang.Object)'> (0x00000000a868eef0) 
thrown [s\src\hotspot\share\interpreter\linkResolver.cpp, line 784]
Event: 0.281 Thread 0x000001b8e85b1890 Exception <a 'java/lang/NoSuchMethodError'{0x00000000a86a15e0}: 'java.lang.Object java.lang.invoke.Invokers$Holder.invokeExact_MT(java.lang.Object, java.lang.Object, java.lang.Object, java.lang.Object, java.lang.Object)'> (0x00000000a86a15e0) 
thrown [s\src\hotspot\share\interpreter\linkResolver.cpp, line 784]
Event: 0.286 Thread 0x000001b8e85b1890 Exception <a 'java/lang/NoSuchMethodError'{0x00000000a86cef68}: 'int java.lang.invoke.DirectMethodHandle$Holder.invokeStaticInit(java.lang.Object, java.lang.Object)'> (0x00000000a86cef68) 
thrown [s\src\hotspot\share\interpreter\linkResolver.cpp, line 784]
Event: 0.851 Thread 0x000001b8e85b1890 Exception <a 'java/lang/NoSuchMethodError'{0x00000000a7498808}: 'void java.lang.invoke.DirectMethodHandle$Holder.invokeInterface(java.lang.Object, java.lang.Object, java.lang.Object)'> (0x00000000a7498808) 
thrown [s\src\hotspot\share\interpreter\linkResolver.cpp, line 784]
Event: 0.864 Thread 0x000001b8e85b1890 Exception <a 'java/lang/NoClassDefFoundError'{0x00000000a74eaf90}: org/slf4j/impl/StaticMarkerBinder> (0x00000000a74eaf90) 
thrown [s\src\hotspot\share\classfile\systemDictionary.cpp, line 301]
Event: 0.875 Thread 0x000001b8e85b1890 Exception <a 'java/lang/NoSuchMethodError'{0x00000000a737dc18}: 'java.lang.Object java.lang.invoke.DirectMethodHandle$Holder.invokeVirtual(java.lang.Object, java.lang.Object, java.lang.Object, java.lang.Object, java.lang.Object, java.lang.Object, java.lang.Object)'> (0x00000000a737dc18) 
thrown [s\src\hotspot\share\interpreter\linkResolver.cpp, line 784]
Event: 0.878 Thread 0x000001b8e85b1890 Exception <a 'java/lang/NoSuchMethodError'{0x00000000a7390a68}: 'java.lang.Object java.lang.invoke.DirectMethodHandle$Holder.invokeStatic(java.lang.Object, java.lang.Object, int)'> (0x00000000a7390a68) 
thrown [s\src\hotspot\share\interpreter\linkResolver.cpp, line 784]
Event: 0.880 Thread 0x000001b8e85b1890 Exception <a 'java/lang/NoSuchMethodError'{0x00000000a739beb8}: 'void java.lang.invoke.DelegatingMethodHandle$Holder.delegate(java.lang.Object, java.lang.Object, int, java.lang.Object)'> (0x00000000a739beb8) 
thrown [s\src\hotspot\share\interpreter\linkResolver.cpp, line 784]
Event: 0.880 Thread 0x000001b8e85b1890 Exception <a 'java/lang/NoSuchMethodError'{0x00000000a739fca8}: 'int java.lang.invoke.DirectMethodHandle$Holder.invokeSpecial(java.lang.Object, java.lang.Object, java.lang.Object)'> (0x00000000a739fca8) 
thrown [s\src\hotspot\share\interpreter\linkResolver.cpp, line 784]
Event: 0.909 Thread 0x000001b8e85b1890 Exception <a 'java/lang/NoSuchMethodError'{0x00000000a8944438}: 'java.lang.Object java.lang.invoke.DirectMethodHandle$Holder.invokeVirtual(java.lang.Object, java.lang.Object, java.lang.Object)'> (0x00000000a8944438) 
thrown [s\src\hotspot\share\interpreter\linkResolver.cpp, line 784]
Event: 1.002 Thread 0x000001b8e85b1890 Exception <a 'java/lang/NoSuchMethodError'{0x00000000a8658ed8}: 'java.lang.Object java.lang.invoke.DirectMethodHandle$Holder.invokeVirtual(java.lang.Object, java.lang.Object, java.lang.Object, java.lang.Object)'> (0x00000000a8658ed8) 
thrown [s\src\hotspot\share\interpreter\linkResolver.cpp, line 784]
Event: 1.021 Thread 0x000001b8e85b1890 Exception <a 'java/lang/NoSuchMethodError'{0x00000000a86dc868}: 'java.lang.Object java.lang.invoke.DirectMethodHandle$Holder.invokeVirtual(java.lang.Object, java.lang.Object, java.lang.Object, java.lang.Object, java.lang.Object, java.lang.Object)'> (0x00000000a86dc868) 
thrown [s\src\hotspot\share\interpreter\linkResolver.cpp, line 784]
Event: 1.219 Thread 0x000001b8e85b1890 Exception <a 'java/lang/NoSuchMethodError'{0x00000000a82a9da8}: 'java.lang.Object java.lang.invoke.DirectMethodHandle$Holder.invokeVirtual(java.lang.Object, java.lang.Object, java.lang.Object, java.lang.Object, java.lang.Object)'> (0x00000000a82a9da8) 
thrown [s\src\hotspot\share\interpreter\linkResolver.cpp, line 784]
Event: 1.221 Thread 0x000001b8e85b1890 Exception <a 'java/lang/NoSuchMethodError'{0x00000000a82bcfa8}: 'java.lang.Object java.lang.invoke.Invokers$Holder.invokeExact_MT(java.lang.Object, java.lang.Object, java.lang.Object, java.lang.Object, java.lang.Object, java.lang.Object)'> (0x00000000a82bcfa8) 
thrown [s\src\hotspot\share\interpreter\linkResolver.cpp, line 784]
Event: 1.268 Thread 0x000001b8e85b1890 Exception <a 'java/lang/NoSuchMethodError'{0x00000000a8032568}: 'java.lang.Object java.lang.invoke.DirectMethodHandle$Holder.invokeVirtual(java.lang.Object, java.lang.Object, java.lang.Object, java.lang.Object, java.lang.Object, java.lang.Object, java.lang.Object, java.lang.Object)'> (0x00000000a8032568) 
thrown [s\src\hotspot\share\interpreter\linkResolver.cpp, line 784]
Event: 1.305 Thread 0x000001b8e85b1890 Exception <a 'java/lang/NoSuchMethodError'{0x00000000a7f4d718}: 'java.lang.Object java.lang.invoke.DirectMethodHandle$Holder.invokeStaticInit(java.lang.Object, int, int, int, int)'> (0x00000000a7f4d718) 
thrown [s\src\hotspot\share\interpreter\linkResolver.cpp, line 784]
Event: 1.348 Thread 0x000001b8e85b1890 Exception <a 'java/lang/NoSuchMethodError'{0x00000000a7e16e88}: 'java.lang.Object java.lang.invoke.DirectMethodHandle$Holder.invokeStaticInit(java.lang.Object, java.lang.Object, int, int, int, int)'> (0x00000000a7e16e88) 
thrown [s\src\hotspot\share\interpreter\linkResolver.cpp, line 784]
Event: 1.414 Thread 0x000001b8e85b1890 Implicit null exception at 0x000001b8f31e86a4 to 0x000001b8f31e8ce8
Event: 1.414 Thread 0x000001b8e85b1890 Implicit null exception at 0x000001b8f31fb5a0 to 0x000001b8f31fbbec
Event: 1.429 Thread 0x000001b8e85b1890 Exception <a 'java/net/ConnectException'{0x00000000a7d0feb8}: Connection refused: getsockopt> (0x00000000a7d0feb8) 
thrown [s\src\hotspot\share\prims\jni.cpp, line 554]

ZGC Phase Switch (0 events):
No events

VM Operations (16 events):
Event: 0.129 Executing VM operation: HandshakeAllThreads (Deoptimize)
Event: 0.129 Executing VM operation: HandshakeAllThreads (Deoptimize) done
Event: 0.717 Executing VM operation: HandshakeAllThreads (Deoptimize)
Event: 0.717 Executing VM operation: HandshakeAllThreads (Deoptimize) done
Event: 0.725 Executing VM operation: HandshakeAllThreads (Deoptimize)
Event: 0.725 Executing VM operation: HandshakeAllThreads (Deoptimize) done
Event: 0.878 Executing VM operation: HandshakeAllThreads (Deoptimize)
Event: 0.878 Executing VM operation: HandshakeAllThreads (Deoptimize) done
Event: 0.888 Executing VM operation: G1CollectForAllocation (G1 Evacuation Pause)
Event: 0.896 Executing VM operation: G1CollectForAllocation (G1 Evacuation Pause) done
Event: 0.993 Executing VM operation: HandshakeAllThreads (Deoptimize)
Event: 0.993 Executing VM operation: HandshakeAllThreads (Deoptimize) done
Event: 1.333 Executing VM operation: HandshakeAllThreads (Deoptimize)
Event: 1.333 Executing VM operation: HandshakeAllThreads (Deoptimize) done
Event: 1.478 Executing VM operation: HandshakeAllThreads (Deoptimize)
Event: 1.478 Executing VM operation: HandshakeAllThreads (Deoptimize) done

Events (20 events):
Event: 0.016 Thread 0x000001b8e85b1890 Thread added: 0x000001b8e85b1890
Event: 0.064 Thread 0x000001b8ff3451b0 Thread added: 0x000001b8ff3451b0
Event: 0.064 Thread 0x000001b8ff3464e0 Thread added: 0x000001b8ff3464e0
Event: 0.065 Thread 0x000001b8ff349f40 Thread added: 0x000001b8ff349f40
Event: 0.065 Thread 0x000001b8ff34a9a0 Thread added: 0x000001b8ff34a9a0
Event: 0.065 Thread 0x000001b8ff353d40 Thread added: 0x000001b8ff353d40
Event: 0.065 Thread 0x000001b8ff3547a0 Thread added: 0x000001b8ff3547a0
Event: 0.065 Thread 0x000001b8ff361550 Thread added: 0x000001b8ff361550
Event: 0.066 Thread 0x000001b8ff36a130 Thread added: 0x000001b8ff36a130
Event: 0.097 Thread 0x000001b8ff4fe9b0 Thread added: 0x000001b8ff4fe9b0
Event: 0.103 Thread 0x000001b8ff504080 Thread added: 0x000001b8ff504080
Event: 0.115 Loaded shared library C:\Program Files\Android\Android Studio1\jbr\bin\net.dll
Event: 0.118 Loaded shared library C:\Program Files\Android\Android Studio1\jbr\bin\nio.dll
Event: 0.126 Loaded shared library C:\Program Files\Android\Android Studio1\jbr\bin\zip.dll
Event: 0.198 Loaded shared library C:\Program Files\Android\Android Studio1\jbr\bin\jimage.dll
Event: 0.902 Loaded shared library C:\Users\Aleeraza\.gradle\native\68d5fa5c4cc2d200863cafc0d521ce42e7d3e7ee720ec0a83991735586a16f82\windows-amd64\native-platform.dll
Event: 0.937 Thread 0x000001b8840718d0 Thread added: 0x000001b8840718d0
Event: 1.165 Loaded shared library C:\Program Files\Android\Android Studio1\jbr\bin\management.dll
Event: 1.171 Loaded shared library C:\Program Files\Android\Android Studio1\jbr\bin\management_ext.dll
Event: 1.374 Loaded shared library C:\Program Files\Android\Android Studio1\jbr\bin\extnet.dll


Dynamic libraries:
0x00007ff751710000 - 0x00007ff75171a000 	C:\Program Files\Android\Android Studio1\jbr\bin\java.exe
0x00007ffd47ff0000 - 0x00007ffd48207000 	C:\Windows\SYSTEM32\ntdll.dll
0x00007ffd46120000 - 0x00007ffd461e4000 	C:\Windows\System32\KERNEL32.DLL
0x00007ffd455b0000 - 0x00007ffd45969000 	C:\Windows\System32\KERNELBASE.dll
0x00007ffd3f130000 - 0x00007ffd3f1c7000 	C:\Windows\SYSTEM32\apphelp.dll
0x00007ffd45970000 - 0x00007ffd45a81000 	C:\Windows\System32\ucrtbase.dll
0x00007ffd2db30000 - 0x00007ffd2db4b000 	C:\Program Files\Android\Android Studio1\jbr\bin\VCRUNTIME140.dll
0x00007ffd2dac0000 - 0x00007ffd2dad8000 	C:\Program Files\Android\Android Studio1\jbr\bin\jli.dll
0x00007ffd475f0000 - 0x00007ffd4779e000 	C:\Windows\System32\USER32.dll
0x00007ffd2cfa0000 - 0x00007ffd2d232000 	C:\Windows\WinSxS\amd64_microsoft.windows.common-controls_6595b64144ccf1df_6.0.22621.4391_none_2715d37f73803e96\COMCTL32.dll
0x00007ffd45580000 - 0x00007ffd455a6000 	C:\Windows\System32\win32u.dll
0x00007ffd46680000 - 0x00007ffd46727000 	C:\Windows\System32\msvcrt.dll
0x00007ffd464c0000 - 0x00007ffd464e9000 	C:\Windows\System32\GDI32.dll
0x00007ffd452f0000 - 0x00007ffd4540b000 	C:\Windows\System32\gdi32full.dll
0x00007ffd45a90000 - 0x00007ffd45b2a000 	C:\Windows\System32\msvcp_win.dll
0x00007ffd47280000 - 0x00007ffd472b1000 	C:\Windows\System32\IMM32.DLL
0x00007ffd2db20000 - 0x00007ffd2db2c000 	C:\Program Files\Android\Android Studio1\jbr\bin\vcruntime140_1.dll
0x00007ffcd53b0000 - 0x00007ffcd543d000 	C:\Program Files\Android\Android Studio1\jbr\bin\msvcp140.dll
0x00007ffcb3d50000 - 0x00007ffcb49cd000 	C:\Program Files\Android\Android Studio1\jbr\bin\server\jvm.dll
0x00007ffd477a0000 - 0x00007ffd47852000 	C:\Windows\System32\ADVAPI32.dll
0x00007ffd46380000 - 0x00007ffd46427000 	C:\Windows\System32\sechost.dll
0x00007ffd45490000 - 0x00007ffd454b8000 	C:\Windows\System32\bcrypt.dll
0x00007ffd464f0000 - 0x00007ffd46604000 	C:\Windows\System32\RPCRT4.dll
0x00007ffd46300000 - 0x00007ffd46371000 	C:\Windows\System32\WS2_32.dll
0x00007ffd44c60000 - 0x00007ffd44cad000 	C:\Windows\SYSTEM32\POWRPROF.dll
0x00007ffd3a440000 - 0x00007ffd3a44a000 	C:\Windows\SYSTEM32\VERSION.dll
0x00007ffd3fe90000 - 0x00007ffd3fec4000 	C:\Windows\SYSTEM32\WINMM.dll
0x00007ffd44c00000 - 0x00007ffd44c13000 	C:\Windows\SYSTEM32\UMPDC.dll
0x00007ffd442f0000 - 0x00007ffd44308000 	C:\Windows\SYSTEM32\kernel.appcore.dll
0x00007ffd2db50000 - 0x00007ffd2db5a000 	C:\Program Files\Android\Android Studio1\jbr\bin\jimage.dll
0x00007ffd3c5f0000 - 0x00007ffd3c822000 	C:\Windows\SYSTEM32\DBGHELP.DLL
0x00007ffd45d10000 - 0x00007ffd4609f000 	C:\Windows\System32\combase.dll
0x00007ffd46750000 - 0x00007ffd46827000 	C:\Windows\System32\OLEAUT32.dll
0x00007ffd2dd80000 - 0x00007ffd2ddb2000 	C:\Windows\SYSTEM32\dbgcore.DLL
0x00007ffd45410000 - 0x00007ffd4548b000 	C:\Windows\System32\bcryptPrimitives.dll
0x00007ffd26340000 - 0x00007ffd2635f000 	C:\Program Files\Android\Android Studio1\jbr\bin\java.dll
0x00007ffd243e0000 - 0x00007ffd243f8000 	C:\Program Files\Android\Android Studio1\jbr\bin\zip.dll
0x00007ffd468e0000 - 0x00007ffd47156000 	C:\Windows\System32\SHELL32.dll
0x00007ffd431e0000 - 0x00007ffd43ae3000 	C:\Windows\SYSTEM32\windows.storage.dll
0x00007ffd430a0000 - 0x00007ffd431df000 	C:\Windows\SYSTEM32\wintypes.dll
0x00007ffd461f0000 - 0x00007ffd462e9000 	C:\Windows\System32\SHCORE.dll
0x00007ffd46610000 - 0x00007ffd4666e000 	C:\Windows\System32\shlwapi.dll
0x00007ffd45220000 - 0x00007ffd4524b000 	C:\Windows\SYSTEM32\profapi.dll
0x00007ffd2dab0000 - 0x00007ffd2dac0000 	C:\Program Files\Android\Android Studio1\jbr\bin\net.dll
0x00007ffd40ca0000 - 0x00007ffd40dd6000 	C:\Windows\SYSTEM32\WINHTTP.dll
0x00007ffd44760000 - 0x00007ffd447c9000 	C:\Windows\system32\mswsock.dll
0x00007ffd20e60000 - 0x00007ffd20e76000 	C:\Program Files\Android\Android Studio1\jbr\bin\nio.dll
0x00007ffd26330000 - 0x00007ffd26340000 	C:\Program Files\Android\Android Studio1\jbr\bin\verify.dll
0x00007ffccd0d0000 - 0x00007ffccd0f7000 	C:\Users\Aleeraza\.gradle\native\68d5fa5c4cc2d200863cafc0d521ce42e7d3e7ee720ec0a83991735586a16f82\windows-amd64\native-platform.dll
0x00007ffd243d0000 - 0x00007ffd243d9000 	C:\Program Files\Android\Android Studio1\jbr\bin\management.dll
0x00007ffd20e50000 - 0x00007ffd20e5b000 	C:\Program Files\Android\Android Studio1\jbr\bin\management_ext.dll
0x00007ffd46670000 - 0x00007ffd46678000 	C:\Windows\System32\PSAPI.DLL
0x00007ffd44ab0000 - 0x00007ffd44acb000 	C:\Windows\SYSTEM32\CRYPTSP.dll
0x00007ffd44250000 - 0x00007ffd44285000 	C:\Windows\system32\rsaenh.dll
0x00007ffd44800000 - 0x00007ffd44828000 	C:\Windows\SYSTEM32\USERENV.dll
0x00007ffd44a90000 - 0x00007ffd44a9c000 	C:\Windows\SYSTEM32\CRYPTBASE.dll
0x00007ffd43d90000 - 0x00007ffd43dbd000 	C:\Windows\SYSTEM32\IPHLPAPI.DLL
0x00007ffd47160000 - 0x00007ffd47169000 	C:\Windows\System32\NSI.dll
0x00007ffd20e40000 - 0x00007ffd20e49000 	C:\Program Files\Android\Android Studio1\jbr\bin\extnet.dll

dbghelp: loaded successfully - version: 4.0.5 - missing functions: none
symbol engine: initialized successfully - sym options: 0x614 - pdb path: .;C:\Program Files\Android\Android Studio1\jbr\bin;C:\Windows\SYSTEM32;C:\Windows\WinSxS\amd64_microsoft.windows.common-controls_6595b64144ccf1df_6.0.22621.4391_none_2715d37f73803e96;C:\Program Files\Android\Android Studio1\jbr\bin\server;C:\Users\Aleeraza\.gradle\native\68d5fa5c4cc2d200863cafc0d521ce42e7d3e7ee720ec0a83991735586a16f82\windows-amd64

VM Arguments:
jvm_args: -Dorg.gradle.appname=gradlew 
java_command: org.gradle.wrapper.GradleWrapperMain -q -Ptarget-platform=android-x86 -Ptarget=C:\Projects\new_project\lib\main.dart -Pbase-application-name=android.app.Application -Pdart-obfuscation=false -Ptrack-widget-creation=true -Ptree-shake-icons=false -Pfilesystem-scheme=org-dartlang-root assembleDebug
java_class_path (initial): C:\Projects\new_project\android\\gradle\wrapper\gradle-wrapper.jar
Launcher Type: SUN_STANDARD

[Global flags]
     intx CICompilerCount                          = 4                                         {product} {ergonomic}
     uint ConcGCThreads                            = 2                                         {product} {ergonomic}
     uint G1ConcRefinementThreads                  = 8                                         {product} {ergonomic}
   size_t G1HeapRegionSize                         = 1048576                                   {product} {ergonomic}
    uintx GCDrainStackTargetSize                   = 64                                        {product} {ergonomic}
   size_t InitialHeapSize                          = 98566144                                  {product} {ergonomic}
   size_t MarkStackSize                            = 4194304                                   {product} {ergonomic}
   size_t MaxHeapSize                              = 1564475392                                {product} {ergonomic}
   size_t MaxNewSize                               = 938475520                                 {product} {ergonomic}
   size_t MinHeapDeltaBytes                        = 1048576                                   {product} {ergonomic}
   size_t MinHeapSize                              = 8388608                                   {product} {ergonomic}
    uintx NonNMethodCodeHeapSize                   = 5839372                                {pd product} {ergonomic}
    uintx NonProfiledCodeHeapSize                  = 122909434                              {pd product} {ergonomic}
    uintx ProfiledCodeHeapSize                     = 122909434                              {pd product} {ergonomic}
    uintx ReservedCodeCacheSize                    = 251658240                              {pd product} {ergonomic}
     bool SegmentedCodeCache                       = true                                      {product} {ergonomic}
   size_t SoftMaxHeapSize                          = 1564475392                             {manageable} {ergonomic}
     bool UseCompressedOops                        = true                           {product lp64_product} {ergonomic}
     bool UseG1GC                                  = true                                      {product} {ergonomic}
     bool UseLargePagesIndividualAllocation        = false                                  {pd product} {ergonomic}

Logging:
Log output configuration:
 #0: stdout all=warning uptime,level,tags foldmultilines=false
 #1: stderr all=off uptime,level,tags foldmultilines=false

Environment Variables:
JAVA_HOME=C:\Program Files\Android\Android Studio1\jbr
CLASSPATH=C:\Projects\new_project\android\\gradle\wrapper\gradle-wrapper.jar
PATH=C:\Program Files\Android\Android Studio1\jbr\bin;C:\Program Files (x86)\Common Files\Intel\Shared Libraries\redist\intel64\compiler;C:\Program Files\Common Files\Oracle\Java\javapath;C:\Windows\system32;C:\Windows;C:\Windows\System32\Wbem;C:\Windows\System32\WindowsPowerShell\v1.0\;C:\Windows\System32\OpenSSH\;C:\MinGW\bin;C:\Users\Aleeraza\Downloads\SFML-2.6.1-windows-gcc-13.1.0-mingw-64-bit.zip\SFML-2.6.1\bin;C:\sqlite3;C:\Program Files\Git\cmd;C:\Users\Aleeraza\AppData\Local\Microsoft\WindowsApps;C:\Users\Aleeraza\AppData\Local\Programs\Microsoft VS Code\bin;C:\Users\Aleeraza\AppData\Local\GitHubDesktop\bin;C:\Program Files\JetBrains\IntelliJ IDEA Community Edition 2023.3.2\bin;;C:\flutter\src\flutter\bin;;C:\flutter\src\flutter\bin\mingit\cmd;C:\flutter\src\flutter\bin\mingit\cmd
USERNAME=Aleeraza
OS=Windows_NT
PROCESSOR_IDENTIFIER=AMD64 Family 23 Model 160 Stepping 0, AuthenticAMD
TMP=C:\Users\Aleeraza\AppData\Local\Temp
TEMP=C:\Users\Aleeraza\AppData\Local\Temp




Periodic native trim disabled

JNI global refs:
JNI global refs: 19, weak refs: 0

JNI global refs memory usage: 835, weak refs: 833

Process memory usage:
Resident Set Size: 97240K (1% of 6108668K total physical memory with 113876K free physical memory)

OOME stack traces (most recent first):
Classloader memory used:
Loader bootstrap                                                                       : 11877K
Loader org.gradle.internal.classloader.VisitableURLClassLoader                         : 4048K
Loader java.net.URLClassLoader                                                         : 225K
Loader jdk.internal.loader.ClassLoaders$AppClassLoader                                 : 146K

Classes loaded by more than one classloader:
Class org.gradle.cli.AbstractPropertiesCommandLineConverter                           : loaded 2 times (x 80B)
Class org.gradle.cli.CommandLineParser                                                : loaded 2 times (x 76B)
Class org.gradle.internal.service.UnknownServiceException                             : loaded 2 times (x 80B)
Class org.gradle.cli.SystemPropertiesCommandLineConverter                             : loaded 2 times (x 80B)
Class org.gradle.cli.CommandLineArgumentException                                     : loaded 2 times (x 79B)
Class org.gradle.cli.CommandLineParser$KnownOptionParserState                         : loaded 2 times (x 73B)
Class org.gradle.internal.InternalTransformer                                         : loaded 2 times (x 67B)
Class org.gradle.internal.classpath.DefaultClassPath$ImmutableUniqueList              : loaded 2 times (x 196B)
Class org.gradle.cli.CommandLineParser$OptionAwareParserState                         : loaded 2 times (x 74B)
Class org.gradle.cli.ParsedCommandLine                                                : loaded 2 times (x 77B)
Class org.gradle.internal.classpath.ClassPath                                         : loaded 2 times (x 67B)
Class org.gradle.cli.CommandLineParser$UnknownOptionParserState                       : loaded 2 times (x 73B)
Class org.gradle.cli.ParsedCommandLineOption                                          : loaded 2 times (x 73B)
Class org.gradle.api.UncheckedIOException                                             : loaded 2 times (x 79B)
Class org.gradle.cli.CommandLineParser$AfterFirstSubCommand                           : loaded 2 times (x 74B)
Class org.gradle.api.internal.classpath.ModuleRegistry                                : loaded 2 times (x 67B)
Class org.gradle.internal.installation.GradleInstallation$1                           : loaded 2 times (x 72B)
Class org.gradle.cli.CommandLineOption                                                : loaded 2 times (x 83B)
Class org.gradle.cli.CommandLineParser$BeforeFirstSubCommand                          : loaded 2 times (x 74B)
Class org.gradle.internal.service.ServiceLookupException                              : loaded 2 times (x 79B)
Class org.gradle.cli.CommandLineParser$OptionParserState                              : loaded 2 times (x 72B)
Class org.gradle.internal.classloader.ClasspathUtil                                   : loaded 2 times (x 68B)
Class org.gradle.api.specs.Spec                                                       : loaded 2 times (x 67B)
Class org.gradle.internal.classpath.DefaultClassPath                                  : loaded 2 times (x 87B)
Class org.gradle.internal.Cast                                                        : loaded 2 times (x 68B)
Class org.gradle.api.Action                                                           : loaded 2 times (x 67B)
Class org.gradle.cli.AbstractCommandLineConverter                                     : loaded 2 times (x 76B)
Class org.gradle.api.GradleException                                                  : loaded 2 times (x 79B)
Class org.gradle.internal.IoActions                                                   : loaded 2 times (x 68B)
Class org.gradle.cli.CommandLineConverter                                             : loaded 2 times (x 67B)
Class org.gradle.cli.CommandLineParser$MissingOptionArgState                          : loaded 2 times (x 74B)
Class org.gradle.cli.CommandLineParser$ParserState                                    : loaded 2 times (x 73B)
Class org.gradle.cli.CommandLineParser$OptionString                                   : loaded 2 times (x 70B)
Class org.gradle.internal.installation.CurrentGradleInstallationLocator               : loaded 2 times (x 68B)
Class org.gradle.internal.installation.CurrentGradleInstallation                      : loaded 2 times (x 70B)
Class org.gradle.util.internal.GUtil                                                  : loaded 2 times (x 68B)
Class org.gradle.cli.CommandLineParser$AfterOptions                                   : loaded 2 times (x 74B)
Class org.gradle.internal.installation.GradleInstallation                             : loaded 2 times (x 72B)

---------------  S Y S T E M  ---------------

OS:
 Windows 11 , 64 bit Build 22621 (10.0.22621.4391)
OS uptime: 0 days 0:58 hours
Hyper-V role detected

CPU: total 8 (initial active 8) (8 cores per cpu, 2 threads per core) family 23 model 160 stepping 0 microcode 0x0, cx8, cmov, fxsr, ht, mmx, 3dnowpref, sse, sse2, sse3, ssse3, sse4a, sse4.1, sse4.2, popcnt, lzcnt, tsc, tscinvbit, avx, avx2, aes, clmul, bmi1, bmi2, adx, sha, fma, vzeroupper, clflush, clflushopt, hv, rdtscp, rdpid, f16c
Processor Information for all 8 processors :
  Max Mhz: 2801, Current Mhz: 2801, Mhz Limit: 2801

Memory: 4k page, system-wide physical 5965M (111M free)
TotalPageFile size 24397M (AvailPageFile size 28M)
current process WorkingSet (physical memory assigned to process): 94M, peak: 94M
current process commit charge ("private bytes"): 193M, peak: 194M

vm_info: OpenJDK 64-Bit Server VM (21.0.3+-12282718-b509.11) for windows-amd64 JRE (21.0.3+-12282718-b509.11), built on 2024-08-27T17:34:15Z by "builder" with MS VC++ 16.10 / 16.11 (VS2019)

END.
